<?xml version="1.0" encoding="UTF-8"?>
<!-- Generated by org.testng.reporters.JUnitXMLReporter -->
<testsuite hostname="Rama" name="SignUp and SignIn" tests="2" failures="1" timestamp="16 Dec 2024 19:33:14 GMT" time="48.016" errors="0">
  <testcase name="signInTest" time="10.486" classname="test.TC001_SignIn">
    <failure type="java.lang.AssertionError" message="expected [Sign In - Sign In Options - Best Buy] but found [Best Buy | Official Online Store | Shop Now &amp;amp; Save]">
      <![CDATA[java.lang.AssertionError: expected [Sign In - Sign In Options - Best Buy] but found [Best Buy | Official Online Store | Shop Now & Save]
	at page.HomePage.validate_login(HomePage.java:66)
	at test.TC001_SignIn.signInTest(TC001_SignIn.java:34)
... Removed 30 stack frames]]>
    </failure>
  </testcase> <!-- signInTest -->
  <testcase name="signUpTest" time="12.27" classname="test.TC002_SignUp"/>
</testsuite> <!-- SignUp and SignIn -->
