<?xml version="1.0" encoding="UTF-8"?>
<!-- Generated by org.testng.reporters.JUnitXMLReporter -->
<testsuite hostname="Rama" name="SignUp and login" tests="2" failures="1" timestamp="15 Dec 2024 17:55:01 GMT" time="22.45" errors="0">
  <testcase name="signUpTest" time="10.849" classname="test.TC001_SignIn">
    <failure type="java.lang.AssertionError" message="expected [Sign In - Sign In Options - Best Buy] but found [Best Buy | Official Online Store | Shop Now &amp;amp; Save]">
      <![CDATA[java.lang.AssertionError: expected [Sign In - Sign In Options - Best Buy] but found [Best Buy | Official Online Store | Shop Now & Save]
	at page.HomePage.validate_login(HomePage.java:49)
	at test.TC001_SignIn.signUpTest(TC001_SignIn.java:34)
... Removed 30 stack frames]]>
    </failure>
  </testcase> <!-- signUpTest -->
  <testcase name="menuValidation" time="0.0" classname="test.TC004_MenuValidation">
    <skipped/>
  </testcase> <!-- menuValidation -->
</testsuite> <!-- SignUp and login -->
